<?xml version="1.0" encoding="UTF-8"?>
<coverage generated="1441630518">
  <project timestamp="1441630518">
    <package name="silent\Twig\ConstantResolverExtension">
      <file name="/srv/all/twig-const-resolver/src/silent/Twig/ConstantResolverExtension/Extension.php">
        <class name="Extension" namespace="silent\Twig\ConstantResolverExtension">
          <metrics methods="2" coveredmethods="2" conditionals="0" coveredconditionals="0" statements="3" coveredstatements="3" elements="5" coveredelements="5"/>
        </class>
        <line num="10" type="method" name="getNodeVisitors" crap="1" count="3"/>
        <line num="13" type="stmt" count="3"/>
        <line num="14" type="stmt" count="3"/>
        <line num="20" type="method" name="getName" crap="1" count="3"/>
        <line num="22" type="stmt" count="3"/>
        <metrics loc="24" ncloc="18" classes="1" methods="2" coveredmethods="2" conditionals="0" coveredconditionals="0" statements="3" coveredstatements="3" elements="5" coveredelements="5"/>
      </file>
      <file name="/srv/all/twig-const-resolver/src/silent/Twig/ConstantResolverExtension/NodeVisitor.php">
        <class name="NodeVisitor" namespace="silent\Twig\ConstantResolverExtension">
          <metrics methods="4" coveredmethods="3" conditionals="0" coveredconditionals="0" statements="23" coveredstatements="17" elements="27" coveredelements="20"/>
        </class>
        <line num="10" type="method" name="enterNode" crap="5" count="3"/>
        <line num="13" type="stmt" count="3"/>
        <line num="14" type="stmt" count="3"/>
        <line num="15" type="stmt" count="3"/>
        <line num="16" type="stmt" count="3"/>
        <line num="18" type="stmt" count="2"/>
        <line num="19" type="stmt" count="2"/>
        <line num="23" type="stmt" count="3"/>
        <line num="31" type="method" name="getResolvedConstant" crap="8.83" count="3"/>
        <line num="33" type="stmt" count="3"/>
        <line num="36" type="stmt" count="3"/>
        <line num="37" type="stmt" count="3"/>
        <line num="38" type="stmt" count="3"/>
        <line num="41" type="stmt" count="3"/>
        <line num="42" type="stmt" count="3"/>
        <line num="43" type="stmt" count="3"/>
        <line num="44" type="stmt" count="0"/>
        <line num="45" type="stmt" count="0"/>
        <line num="46" type="stmt" count="0"/>
        <line num="48" type="stmt" count="0"/>
        <line num="49" type="stmt" count="0"/>
        <line num="52" type="stmt" count="2"/>
        <line num="56" type="stmt" count="0"/>
        <line num="62" type="method" name="leaveNode" crap="1" count="2"/>
        <line num="64" type="stmt" count="2"/>
        <line num="70" type="method" name="getPriority" crap="1" count="3"/>
        <line num="72" type="stmt" count="3"/>
        <metrics loc="74" ncloc="60" classes="1" methods="4" coveredmethods="3" conditionals="0" coveredconditionals="0" statements="23" coveredstatements="17" elements="27" coveredelements="20"/>
      </file>
    </package>
    <metrics files="2" loc="98" ncloc="78" classes="2" methods="6" coveredmethods="5" conditionals="0" coveredconditionals="0" statements="26" coveredstatements="20" elements="32" coveredelements="25"/>
  </project>
</coverage>
